{"/Users/dam128/Desktop/Projects/BdayVault/js/utils.js": {"path":"/Users/dam128/Desktop/Projects/BdayVault/js/utils.js","statementMap":{"0":{"start":{"line":3,"column":15},"end":{"line":15,"column":1}},"1":{"start":{"line":18,"column":17},"end":{"line":18,"column":19}},"2":{"start":{"line":23,"column":8},"end":{"line":23,"column":55}},"3":{"start":{"line":34,"column":8},"end":{"line":37,"column":32}},"4":{"start":{"line":43,"column":20},"end":{"line":43,"column":74}},"5":{"start":{"line":44,"column":4},"end":{"line":44,"column":20}}},"fnMap":{"0":{"name":"(anonymous_0)","decl":{"start":{"line":22,"column":4},"end":{"line":22,"column":5}},"loc":{"start":{"line":22,"column":43},"end":{"line":26,"column":5}},"line":22},"1":{"name":"(anonymous_1)","decl":{"start":{"line":27,"column":4},"end":{"line":27,"column":5}},"loc":{"start":{"line":27,"column":30},"end":{"line":29,"column":5}},"line":27},"2":{"name":"(anonymous_2)","decl":{"start":{"line":33,"column":4},"end":{"line":33,"column":5}},"loc":{"start":{"line":33,"column":59},"end":{"line":38,"column":5}},"line":33},"3":{"name":"addToMonth","decl":{"start":{"line":42,"column":9},"end":{"line":42,"column":19}},"loc":{"start":{"line":42,"column":63},"end":{"line":45,"column":1}},"line":42}},"branchMap":{},"s":{"0":1,"1":1,"2":0,"3":0,"4":0,"5":0},"f":{"0":0,"1":0,"2":0,"3":0},"b":{},"_coverageSchema":"1a1c01bbd47fc00a2c39e90264f33305004495a9","hash":"b3ea6387cb5add0244f96d48f374b6adb8d89b5b"}
}
